<?xml version="1.0" encoding="UTF-8"?>
<robot generator="Robot 5.0.1 (Python 3.9.0 on darwin)" generated="20220916 10:21:12.192" rpa="false" schemaversion="3">
<suite id="s1" name="Test Real Device" source="/Users/qups/Downloads/RobotFramework/test/test_real_device.robot">
<test id="s1-t1" name="Test case name" line="11">
<kw name="Open_iOS_Real_Device_App" library="BasePage" type="SETUP">
<kw name="Open Application" library="AppiumLibrary">
<arg>${REMOTE_URL}</arg>
<arg>platformName=${platformName}</arg>
<arg>appium:platformVersion=${appium:platformVersion}</arg>
<arg>appium:deviceName=${appium:deviceName}</arg>
<arg>appium:app=${appium:app}</arg>
<arg>appium:automationName=${appium:automationName}</arg>
<arg>appium:noReset=${appium:noReset}</arg>
<arg>appium:udid=${appium:udid}</arg>
<arg>appium:newCommandTimeout=${appium:newCommandTimeout}</arg>
<doc>Opens a new application to given Appium server.
Capabilities of appium server, Android and iOS,
Please check https://github.com/appium/appium/blob/master/docs/en/writing-running-appium/server-args.md
| *Option*            | *Man.* | *Description*     |
| remote_url          | Yes    | Appium server url |
| alias               | no     | alias             |</doc>
<status status="PASS" starttime="20220916 10:21:12.851" endtime="20220916 10:21:29.225"/>
</kw>
<status status="PASS" starttime="20220916 10:21:12.851" endtime="20220916 10:21:29.226"/>
</kw>
<kw name="Action_For_Action_Sheets" library="resource">
<kw name="Click Element" library="AppiumLibrary">
<arg>${action_sheets}</arg>
<doc>Click element identified by `locator`.</doc>
<msg timestamp="20220916 10:21:29.230" level="INFO">Clicking element 'xpath=//XCUIElementTypeStaticText[@name="Action Sheets"]'.</msg>
<status status="PASS" starttime="20220916 10:21:29.227" endtime="20220916 10:21:31.266"/>
</kw>
<kw name="Sleep" library="BuiltIn">
<arg>1</arg>
<doc>Pauses the test executed for the given time.</doc>
<msg timestamp="20220916 10:21:32.270" level="INFO">Slept 1 second</msg>
<status status="PASS" starttime="20220916 10:21:31.268" endtime="20220916 10:21:32.270"/>
</kw>
<kw name="Click Element" library="AppiumLibrary">
<arg>${ok_cancel_button}</arg>
<doc>Click element identified by `locator`.</doc>
<msg timestamp="20220916 10:21:32.274" level="INFO">Clicking element 'xpath=//XCUIElementTypeStaticText[@name="Okay / Cancel"]'.</msg>
<status status="PASS" starttime="20220916 10:21:32.271" endtime="20220916 10:21:32.673"/>
</kw>
<kw name="Sleep" library="BuiltIn">
<arg>1</arg>
<doc>Pauses the test executed for the given time.</doc>
<msg timestamp="20220916 10:21:33.677" level="INFO">Slept 1 second</msg>
<status status="PASS" starttime="20220916 10:21:32.675" endtime="20220916 10:21:33.678"/>
</kw>
<kw name="Click Element" library="AppiumLibrary">
<arg>${cancel_popup}</arg>
<doc>Click element identified by `locator`.</doc>
<msg timestamp="20220916 10:21:33.682" level="INFO">Clicking element 'xpath=//XCUIElementTypeButton[@name="Cancel"]'.</msg>
<status status="PASS" starttime="20220916 10:21:33.679" endtime="20220916 10:21:34.770"/>
</kw>
<kw name="Sleep" library="BuiltIn">
<arg>1</arg>
<doc>Pauses the test executed for the given time.</doc>
<msg timestamp="20220916 10:21:35.775" level="INFO">Slept 1 second</msg>
<status status="PASS" starttime="20220916 10:21:34.771" endtime="20220916 10:21:35.775"/>
</kw>
<kw name="Click Element" library="AppiumLibrary">
<arg>${back}</arg>
<doc>Click element identified by `locator`.</doc>
<msg timestamp="20220916 10:21:35.779" level="INFO">Clicking element 'xpath=//XCUIElementTypeButton[@name="UICatalog"]'.</msg>
<status status="PASS" starttime="20220916 10:21:35.776" endtime="20220916 10:21:36.153"/>
</kw>
<kw name="Sleep" library="BuiltIn">
<arg>1</arg>
<doc>Pauses the test executed for the given time.</doc>
<msg timestamp="20220916 10:21:37.156" level="INFO">Slept 1 second</msg>
<status status="PASS" starttime="20220916 10:21:36.154" endtime="20220916 10:21:37.156"/>
</kw>
<status status="PASS" starttime="20220916 10:21:29.226" endtime="20220916 10:21:37.157"/>
</kw>
<kw name="Action_For_Text_Fields" library="resource">
<kw name="Scroll Down" library="AppiumLibrary">
<arg>${text_fields}</arg>
<doc>Scrolls down to element</doc>
<status status="PASS" starttime="20220916 10:21:37.158" endtime="20220916 10:21:42.152"/>
</kw>
<kw name="Sleep" library="BuiltIn">
<arg>1</arg>
<doc>Pauses the test executed for the given time.</doc>
<msg timestamp="20220916 10:21:43.153" level="INFO">Slept 1 second</msg>
<status status="PASS" starttime="20220916 10:21:42.153" endtime="20220916 10:21:43.153"/>
</kw>
<kw name="Click Element" library="AppiumLibrary">
<arg>${text_fields}</arg>
<doc>Click element identified by `locator`.</doc>
<msg timestamp="20220916 10:21:43.158" level="INFO">Clicking element 'accessibility_id=Text Fields'.</msg>
<status status="PASS" starttime="20220916 10:21:43.155" endtime="20220916 10:21:43.905"/>
</kw>
<kw name="Sleep" library="BuiltIn">
<arg>1</arg>
<doc>Pauses the test executed for the given time.</doc>
<msg timestamp="20220916 10:21:44.907" level="INFO">Slept 1 second</msg>
<status status="PASS" starttime="20220916 10:21:43.906" endtime="20220916 10:21:44.908"/>
</kw>
<kw name="Input Text" library="AppiumLibrary">
<arg>${default_textbox}</arg>
<arg>${default}</arg>
<doc>Types the given `text` into text field identified by `locator`.</doc>
<msg timestamp="20220916 10:21:44.912" level="INFO">Typing text 'default' into text field 'xpath=//XCUIElementTypeTable[@type="XCUIElementTypeTable"]/XCUIElementTypeCell[1]'</msg>
<status status="PASS" starttime="20220916 10:21:44.909" endtime="20220916 10:21:46.390"/>
</kw>
<kw name="Sleep" library="BuiltIn">
<arg>1</arg>
<doc>Pauses the test executed for the given time.</doc>
<msg timestamp="20220916 10:21:47.395" level="INFO">Slept 1 second</msg>
<status status="PASS" starttime="20220916 10:21:46.392" endtime="20220916 10:21:47.395"/>
</kw>
<kw name="Input Text" library="AppiumLibrary">
<arg>${tinted_textbox}</arg>
<arg>${tinted}</arg>
<doc>Types the given `text` into text field identified by `locator`.</doc>
<msg timestamp="20220916 10:21:47.399" level="INFO">Typing text 'tinted' into text field 'xpath=//XCUIElementTypeTable[@type="XCUIElementTypeTable"]/XCUIElementTypeCell[2]'</msg>
<status status="PASS" starttime="20220916 10:21:47.396" endtime="20220916 10:21:48.627"/>
</kw>
<kw name="Sleep" library="BuiltIn">
<arg>1</arg>
<doc>Pauses the test executed for the given time.</doc>
<msg timestamp="20220916 10:21:49.630" level="INFO">Slept 1 second</msg>
<status status="PASS" starttime="20220916 10:21:48.628" endtime="20220916 10:21:49.630"/>
</kw>
<kw name="Input Text" library="AppiumLibrary">
<arg>${secured_textbox}</arg>
<arg>${security_data}</arg>
<doc>Types the given `text` into text field identified by `locator`.</doc>
<msg timestamp="20220916 10:21:49.634" level="INFO">Typing text '123456789' into text field 'xpath=//XCUIElementTypeTable[@type="XCUIElementTypeTable"]/XCUIElementTypeCell[3]'</msg>
<status status="PASS" starttime="20220916 10:21:49.631" endtime="20220916 10:21:50.876"/>
</kw>
<kw name="Sleep" library="BuiltIn">
<arg>1</arg>
<doc>Pauses the test executed for the given time.</doc>
<msg timestamp="20220916 10:21:51.880" level="INFO">Slept 1 second</msg>
<status status="PASS" starttime="20220916 10:21:50.877" endtime="20220916 10:21:51.880"/>
</kw>
<kw name="Input Text" library="AppiumLibrary">
<arg>${specific_keyboard_textbox}</arg>
<arg>${specific_keyboard}</arg>
<doc>Types the given `text` into text field identified by `locator`.</doc>
<msg timestamp="20220916 10:21:51.884" level="INFO">Typing text 'specific keyboard' into text field 'xpath=//XCUIElementTypeTable[@type="XCUIElementTypeTable"]/XCUIElementTypeCell[4]'</msg>
<status status="PASS" starttime="20220916 10:21:51.881" endtime="20220916 10:21:53.189"/>
</kw>
<kw name="Sleep" library="BuiltIn">
<arg>1</arg>
<doc>Pauses the test executed for the given time.</doc>
<msg timestamp="20220916 10:21:54.192" level="INFO">Slept 1 second</msg>
<status status="PASS" starttime="20220916 10:21:53.191" endtime="20220916 10:21:54.193"/>
</kw>
<kw name="Input Text" library="AppiumLibrary">
<arg>${custom_textbox}</arg>
<arg>${custom}</arg>
<doc>Types the given `text` into text field identified by `locator`.</doc>
<msg timestamp="20220916 10:21:54.197" level="INFO">Typing text 'custom' into text field 'xpath=//XCUIElementTypeTable[@type="XCUIElementTypeTable"]/XCUIElementTypeCell[5]'</msg>
<status status="PASS" starttime="20220916 10:21:54.194" endtime="20220916 10:21:55.347"/>
</kw>
<kw name="Sleep" library="BuiltIn">
<arg>1</arg>
<doc>Pauses the test executed for the given time.</doc>
<msg timestamp="20220916 10:21:56.350" level="INFO">Slept 1 second</msg>
<status status="PASS" starttime="20220916 10:21:55.348" endtime="20220916 10:21:56.350"/>
</kw>
<kw name="Click Element" library="AppiumLibrary">
<arg>${done_button}</arg>
<doc>Click element identified by `locator`.</doc>
<msg timestamp="20220916 10:21:56.354" level="INFO">Clicking element 'accessibility_id=Done'.</msg>
<status status="PASS" starttime="20220916 10:21:56.351" endtime="20220916 10:21:56.966"/>
</kw>
<kw name="Go Back" library="AppiumLibrary">
<doc>Goes one step backward in the browser history.</doc>
<status status="PASS" starttime="20220916 10:21:56.969" endtime="20220916 10:21:57.668"/>
</kw>
<status status="PASS" starttime="20220916 10:21:37.158" endtime="20220916 10:21:57.669"/>
</kw>
<kw name="Quit Application" library="AppiumLibrary" type="TEARDOWN">
<doc>Quit application. Application can be quit while Appium session is kept alive.
This keyword can be used to close application during test case or between test cases.</doc>
<status status="PASS" starttime="20220916 10:21:57.670" endtime="20220916 10:21:57.706"/>
</kw>
<status status="PASS" starttime="20220916 10:21:12.850" endtime="20220916 10:21:57.706"/>
</test>
<status status="PASS" starttime="20220916 10:21:12.404" endtime="20220916 10:21:57.716"/>
</suite>
<statistics>
<total>
<stat pass="1" fail="0" skip="0">All Tests</stat>
</total>
<tag>
</tag>
<suite>
<stat pass="1" fail="0" skip="0" id="s1" name="Test Real Device">Test Real Device</stat>
</suite>
</statistics>
<errors>
<msg timestamp="20220916 10:21:12.845" level="ERROR">Error in file '/Users/qups/Downloads/RobotFramework/Resources/BasePage.robot' on line 7: Setting variable '""" Desired Capabilities For Simulator Device """' failed: Invalid variable name '""" Desired Capabilities For Simulator Device """'.</msg>
<msg timestamp="20220916 10:21:12.845" level="ERROR">Error in file '/Users/qups/Downloads/RobotFramework/Resources/BasePage.robot' on line 16: Setting variable '""" Desired Capabilities For Real Device """' failed: Invalid variable name '""" Desired Capabilities For Real Device """'.</msg>
</errors>
</robot>
