<?xml version="1.0" encoding="UTF-8"?>
<robot generator="Robot 5.0.1 (Python 3.9.0 on darwin)" generated="20220915 16:51:01.846" rpa="false" schemaversion="3">
<suite id="s1" name="Test Robotappium" source="/Users/qups/Downloads/RobotFramework/test/test_robotappium.robot">
<test id="s1-t1" name="OPEN_APP" line="9">
<kw name="Open_iOS_Test_App" library="BasePage" type="SETUP">
<kw name="Open Application" library="AppiumLibrary">
<arg>http://127.0.0.1:4723/wd/hub</arg>
<arg>automationName=${IOS_AUTOMATION_NAME}</arg>
<arg>app=${IOS_APP}</arg>
<arg>platformName=${IOS_PLATFORM_NAME}</arg>
<arg>platformVersion=${IOS_PLATFORM_VERSION}</arg>
<arg>deviceName=${IOS_DEVICE_NAME}</arg>
<arg>noReset=${NO_RESET}</arg>
<doc>Opens a new application to given Appium server.
Capabilities of appium server, Android and iOS,
Please check https://github.com/appium/appium/blob/master/docs/en/writing-running-appium/server-args.md
| *Option*            | *Man.* | *Description*     |
| remote_url          | Yes    | Appium server url |
| alias               | no     | alias             |</doc>
<status status="PASS" starttime="20220915 16:51:02.220" endtime="20220915 16:51:15.352"/>
</kw>
<status status="PASS" starttime="20220915 16:51:02.219" endtime="20220915 16:51:15.352"/>
</kw>
<kw name="Action_For_Action_Sheets" library="resource">
<kw name="Click Element" library="AppiumLibrary">
<arg>${action_sheets}</arg>
<doc>Click element identified by `locator`.</doc>
<msg timestamp="20220915 16:51:15.356" level="INFO">Clicking element 'xpath=//XCUIElementTypeStaticText[@name="Action Sheets"]'.</msg>
<status status="PASS" starttime="20220915 16:51:15.353" endtime="20220915 16:51:18.068"/>
</kw>
<kw name="Sleep" library="BuiltIn">
<arg>1</arg>
<doc>Pauses the test executed for the given time.</doc>
<msg timestamp="20220915 16:51:19.069" level="INFO">Slept 1 second</msg>
<status status="PASS" starttime="20220915 16:51:18.068" endtime="20220915 16:51:19.069"/>
</kw>
<kw name="Click Element" library="AppiumLibrary">
<arg>${ok_cancel_button}</arg>
<doc>Click element identified by `locator`.</doc>
<msg timestamp="20220915 16:51:19.072" level="INFO">Clicking element 'xpath=//XCUIElementTypeStaticText[@name="Okay / Cancel"]'.</msg>
<status status="PASS" starttime="20220915 16:51:19.069" endtime="20220915 16:51:19.842"/>
</kw>
<kw name="Sleep" library="BuiltIn">
<arg>1</arg>
<doc>Pauses the test executed for the given time.</doc>
<msg timestamp="20220915 16:51:20.846" level="INFO">Slept 1 second</msg>
<status status="PASS" starttime="20220915 16:51:19.843" endtime="20220915 16:51:20.846"/>
</kw>
<kw name="Click Element" library="AppiumLibrary">
<arg>${cancel_popup}</arg>
<doc>Click element identified by `locator`.</doc>
<msg timestamp="20220915 16:51:20.851" level="INFO">Clicking element 'xpath=//XCUIElementTypeButton[@name="Cancel"]'.</msg>
<status status="PASS" starttime="20220915 16:51:20.847" endtime="20220915 16:51:22.572"/>
</kw>
<kw name="Sleep" library="BuiltIn">
<arg>1</arg>
<doc>Pauses the test executed for the given time.</doc>
<msg timestamp="20220915 16:51:23.573" level="INFO">Slept 1 second</msg>
<status status="PASS" starttime="20220915 16:51:22.573" endtime="20220915 16:51:23.574"/>
</kw>
<kw name="Click Element" library="AppiumLibrary">
<arg>${back}</arg>
<doc>Click element identified by `locator`.</doc>
<msg timestamp="20220915 16:51:23.577" level="INFO">Clicking element 'xpath=//XCUIElementTypeButton[@name="UICatalog"]'.</msg>
<status status="PASS" starttime="20220915 16:51:23.574" endtime="20220915 16:51:24.832"/>
</kw>
<kw name="Sleep" library="BuiltIn">
<arg>1</arg>
<doc>Pauses the test executed for the given time.</doc>
<msg timestamp="20220915 16:51:25.838" level="INFO">Slept 1 second</msg>
<status status="PASS" starttime="20220915 16:51:24.833" endtime="20220915 16:51:25.838"/>
</kw>
<status status="PASS" starttime="20220915 16:51:15.353" endtime="20220915 16:51:25.838"/>
</kw>
<kw name="Action_For_Text_Fields" library="resource">
<kw name="Scroll Down" library="AppiumLibrary">
<arg>${text_fields}</arg>
<doc>Scrolls down to element</doc>
<status status="PASS" starttime="20220915 16:51:25.839" endtime="20220915 16:51:30.637"/>
</kw>
<kw name="Sleep" library="BuiltIn">
<arg>1</arg>
<doc>Pauses the test executed for the given time.</doc>
<msg timestamp="20220915 16:51:31.638" level="INFO">Slept 1 second</msg>
<status status="PASS" starttime="20220915 16:51:30.638" endtime="20220915 16:51:31.639"/>
</kw>
<kw name="Click Element" library="AppiumLibrary">
<arg>${text_fields}</arg>
<doc>Click element identified by `locator`.</doc>
<msg timestamp="20220915 16:51:31.644" level="INFO">Clicking element 'accessibility_id=Text Fields'.</msg>
<status status="PASS" starttime="20220915 16:51:31.639" endtime="20220915 16:51:32.512"/>
</kw>
<kw name="Input Text" library="AppiumLibrary">
<arg>${default_textbox}</arg>
<arg>${default}</arg>
<doc>Types the given `text` into text field identified by `locator`.</doc>
<msg timestamp="20220915 16:51:32.522" level="INFO">Typing text 'default' into text field 'xpath=//XCUIElementTypeTable[@type="XCUIElementTypeTable"]/XCUIElementTypeCell[1]'</msg>
<status status="PASS" starttime="20220915 16:51:32.515" endtime="20220915 16:51:35.447"/>
</kw>
<kw name="Sleep" library="BuiltIn">
<arg>1</arg>
<doc>Pauses the test executed for the given time.</doc>
<msg timestamp="20220915 16:51:36.449" level="INFO">Slept 1 second</msg>
<status status="PASS" starttime="20220915 16:51:35.448" endtime="20220915 16:51:36.449"/>
</kw>
<kw name="Input Text" library="AppiumLibrary">
<arg>${tinted_textbox}</arg>
<arg>${tinted}</arg>
<doc>Types the given `text` into text field identified by `locator`.</doc>
<msg timestamp="20220915 16:51:36.452" level="INFO">Typing text 'tinted' into text field 'xpath=//XCUIElementTypeTable[@type="XCUIElementTypeTable"]/XCUIElementTypeCell[2]'</msg>
<status status="PASS" starttime="20220915 16:51:36.449" endtime="20220915 16:51:38.065"/>
</kw>
<kw name="Sleep" library="BuiltIn">
<arg>1</arg>
<doc>Pauses the test executed for the given time.</doc>
<msg timestamp="20220915 16:51:39.068" level="INFO">Slept 1 second</msg>
<status status="PASS" starttime="20220915 16:51:38.066" endtime="20220915 16:51:39.068"/>
</kw>
<kw name="Input Text" library="AppiumLibrary">
<arg>${secured_textbox}</arg>
<arg>${security_data}</arg>
<doc>Types the given `text` into text field identified by `locator`.</doc>
<msg timestamp="20220915 16:51:39.071" level="INFO">Typing text '123456789' into text field 'xpath=//XCUIElementTypeTable[@type="XCUIElementTypeTable"]/XCUIElementTypeCell[3]'</msg>
<status status="PASS" starttime="20220915 16:51:39.068" endtime="20220915 16:51:40.834"/>
</kw>
<kw name="Sleep" library="BuiltIn">
<arg>1</arg>
<doc>Pauses the test executed for the given time.</doc>
<msg timestamp="20220915 16:51:41.835" level="INFO">Slept 1 second</msg>
<status status="PASS" starttime="20220915 16:51:40.834" endtime="20220915 16:51:41.835"/>
</kw>
<kw name="Input Text" library="AppiumLibrary">
<arg>${specific_keyboard_textbox}</arg>
<arg>${specific_keyboard}</arg>
<doc>Types the given `text` into text field identified by `locator`.</doc>
<msg timestamp="20220915 16:51:41.838" level="INFO">Typing text 'specific keyboard' into text field 'xpath=//XCUIElementTypeTable[@type="XCUIElementTypeTable"]/XCUIElementTypeCell[4]'</msg>
<status status="PASS" starttime="20220915 16:51:41.836" endtime="20220915 16:51:43.760"/>
</kw>
<kw name="Sleep" library="BuiltIn">
<arg>1</arg>
<doc>Pauses the test executed for the given time.</doc>
<msg timestamp="20220915 16:51:44.763" level="INFO">Slept 1 second</msg>
<status status="PASS" starttime="20220915 16:51:43.760" endtime="20220915 16:51:44.764"/>
</kw>
<kw name="Input Text" library="AppiumLibrary">
<arg>${custom_textbox}</arg>
<arg>${custom}</arg>
<doc>Types the given `text` into text field identified by `locator`.</doc>
<msg timestamp="20220915 16:51:44.766" level="INFO">Typing text 'custom' into text field 'xpath=//XCUIElementTypeTable[@type="XCUIElementTypeTable"]/XCUIElementTypeCell[5]'</msg>
<status status="PASS" starttime="20220915 16:51:44.764" endtime="20220915 16:51:46.330"/>
</kw>
<kw name="Sleep" library="BuiltIn">
<arg>1</arg>
<doc>Pauses the test executed for the given time.</doc>
<msg timestamp="20220915 16:51:47.333" level="INFO">Slept 1 second</msg>
<status status="PASS" starttime="20220915 16:51:46.331" endtime="20220915 16:51:47.334"/>
</kw>
<kw name="Click Element" library="AppiumLibrary">
<arg>${done_button}</arg>
<doc>Click element identified by `locator`.</doc>
<msg timestamp="20220915 16:51:47.336" level="INFO">Clicking element 'accessibility_id=Done'.</msg>
<status status="PASS" starttime="20220915 16:51:47.334" endtime="20220915 16:51:48.519"/>
</kw>
<kw name="Go Back" library="AppiumLibrary">
<doc>Goes one step backward in the browser history.</doc>
<status status="PASS" starttime="20220915 16:51:48.519" endtime="20220915 16:51:49.739"/>
</kw>
<status status="PASS" starttime="20220915 16:51:25.838" endtime="20220915 16:51:49.740"/>
</kw>
<kw name="Quit Application" library="AppiumLibrary" type="TEARDOWN">
<doc>Quit application. Application can be quit while Appium session is kept alive.
This keyword can be used to close application during test case or between test cases.</doc>
<status status="PASS" starttime="20220915 16:51:49.742" endtime="20220915 16:51:50.830"/>
</kw>
<status status="PASS" starttime="20220915 16:51:02.219" endtime="20220915 16:51:50.830"/>
</test>
<status status="PASS" starttime="20220915 16:51:01.848" endtime="20220915 16:51:50.831"/>
</suite>
<statistics>
<total>
<stat pass="1" fail="0" skip="0">All Tests</stat>
</total>
<tag>
</tag>
<suite>
<stat pass="1" fail="0" skip="0" id="s1" name="Test Robotappium">Test Robotappium</stat>
</suite>
</statistics>
<errors>
</errors>
</robot>
